#
# A fatal error has been detected by the Java Runtime Environment:
#
#  EXCEPTION_ACCESS_VIOLATION (0xc0000005) at pc=0x0000000069c6981e, pid=8524, tid=0x0000000000002ed4
#
# JRE version: Java(TM) SE Runtime Environment (8.0_161-b12) (build 1.8.0_161-b12)
# Java VM: Java HotSpot(TM) 64-Bit Server VM (25.161-b12 mixed mode windows-amd64 compressed oops)
# Problematic frame:
# C  [libnd4jcpu.dll+0x7e981e]
#
# Failed to write core dump. Minidumps are not enabled by default on client versions of Windows
#
# If you would like to submit a bug report, please visit:
#   http://bugreport.java.com/bugreport/crash.jsp
# The crash happened outside the Java Virtual Machine in native code.
# See problematic frame for where to report the bug.
#

---------------  T H R E A D  ---------------

Current thread (0x0000000003033800):  JavaThread "main" [_thread_in_native, id=11988, stack(0x0000000002f30000,0x0000000003030000)]

siginfo: ExceptionCode=0xc0000005, writing address 0x00000002c100f440

Registers:
RAX=0x00000002c100f440, RBX=0x000000023379a040, RCX=0x000000002361d500, RDX=0x000000002361d500
RSP=0x000000000302dbf0, RBP=0x00000000001c4e44, RSI=0x0000000007139100, RDI=0x0000000000000000
R8 =0x000000002361d500, R9 =0x00000000ffffffff, R10=0x0000000000000000, R11=0x0000000000000000
R12=0x000000000000000a, R13=0x0000000000000040, R14=0x0000000000000003, R15=0x0000000000096f6c
RIP=0x0000000069c6981e, EFLAGS=0x0000000000010286

Top of Stack: (sp=0x000000000302dbf0)
0x000000000302dbf0:   0000000000000000 0000000069cc9956
0x000000000302dc00:   000000000302dcc0 0000000069cc99ad
0x000000000302dc10:   000000000302dce8 000000000302dcec
0x000000000302dc20:   00000001000001c6 000001c6000001c6
0x000000000302dc30:   0003252400000003 0003252400000003
0x000000000302dc40:   0000000100000001 000001c6011f0003
0x000000000302dc50:   2361d50000000000 ffffffff00000000
0x000000000302dc60:   00000000003edfb4 00000000f8f64040
0x000000000302dc70:   00000003ffffffff 00000001000001c6
0x000000000302dc80:   000001c600096f6c 000001c603ee6d00
0x000000000302dc90:   00000001000001c6 001f7368000001c6
0x000000000302dca0:   0000004000032524 0000000100000009
0x000000000302dcb0:   0000000100000001 05e5a38000000001
0x000000000302dcc0:   000000002e6bb1fc 000000002e6bb1e4
0x000000000302dcd0:   000000000302dce8 000000000302dcec
0x000000000302dce0:   000000002e67b050 05e5a38003ee6d00 

Instructions: (pc=0x0000000069c6981e)
0x0000000069c697fe:   d5 01 d1 99 41 f7 fc 0f af d6 01 d1 45 85 c9 48
0x0000000069c6980e:   63 c9 48 8d 04 8b 0f 89 5c ff ff ff f2 0f 5a ce
0x0000000069c6981e:   f3 0f 11 08 eb 8b ff 44 24 60 8b 8c 24 8c 00 00
0x0000000069c6982e:   00 8b bc 24 90 00 00 00 01 4c 24 6c 01 7c 24 64 


Register to memory mapping:

RAX=0x00000002c100f440 is an unknown value
RBX=0x000000023379a040 is an unknown value
RCX=0x000000002361d500 is an unknown value
RDX=0x000000002361d500 is an unknown value
RSP=0x000000000302dbf0 is pointing into the stack for thread: 0x0000000003033800
RBP=0x00000000001c4e44 is an unknown value
RSI=0x0000000007139100 is an unknown value
RDI=0x0000000000000000 is an unknown value
R8 =0x000000002361d500 is an unknown value
R9 =0x00000000ffffffff is an unknown value
R10=0x0000000000000000 is an unknown value
R11=0x0000000000000000 is an unknown value
R12=0x000000000000000a is an unknown value
R13=0x0000000000000040 is an unknown value
R14=0x0000000000000003 is an unknown value
R15=0x0000000000096f6c is an unknown value


Stack: [0x0000000002f30000,0x0000000003030000],  sp=0x000000000302dbf0,  free space=1014k
Native frames: (J=compiled Java code, j=interpreted, Vv=VM code, C=native code)
C  [libnd4jcpu.dll+0x7e981e]
C  [libnd4jcpu.dll+0x8406a2]
C  [libnd4jcpu.dll+0x10a466a]
C  [libnd4jcpu.dll+0xeb43a6]
C  [libnd4jcpu.dll+0xa3d884]
C  [libnd4jcpu.dll+0xa3ddc9]
C  [libnd4jcpu.dll+0x8831fc]
C  [jnind4jcpu.dll+0x247857]
C  0x0000000003288c67

Java frames: (J=compiled Java code, j=interpreted, Vv=VM code)
j  org.nd4j.nativeblas.Nd4jCpu$NativeOps.execCustomOpFloat(Lorg/bytedeco/javacpp/PointerPointer;JLorg/bytedeco/javacpp/PointerPointer;Lorg/bytedeco/javacpp/PointerPointer;ILorg/bytedeco/javacpp/PointerPointer;Lorg/bytedeco/javacpp/PointerPointer;ILorg/bytedeco/javacpp/FloatPointer;ILorg/bytedeco/javacpp/IntPointer;IZ)I+0
j  org.nd4j.linalg.cpu.nativecpu.ops.NativeOpExecutioner.exec(Lorg/nd4j/linalg/api/ops/CustomOp;)V+595
j  org.nd4j.linalg.convolution.Convolution.im2col(Lorg/nd4j/linalg/api/ndarray/INDArray;IIIIIIIIZLorg/nd4j/linalg/api/ndarray/INDArray;)Lorg/nd4j/linalg/api/ndarray/INDArray;+91
j  org.deeplearning4j.nn.layers.convolution.ConvolutionLayer.preOutput(ZZ)Lorg/nd4j/linalg/primitives/Pair;+991
j  org.deeplearning4j.nn.layers.convolution.ConvolutionLayer.preOutput(Z)Lorg/nd4j/linalg/api/ndarray/INDArray;+3
j  org.deeplearning4j.nn.layers.convolution.ConvolutionLayer.activate(Z)Lorg/nd4j/linalg/api/ndarray/INDArray;+58
j  org.deeplearning4j.nn.layers.FrozenLayer.activate(Z)Lorg/nd4j/linalg/api/ndarray/INDArray;+10
j  org.deeplearning4j.nn.graph.vertex.impl.LayerVertex.doForward(Z)Lorg/nd4j/linalg/api/ndarray/INDArray;+22
j  org.deeplearning4j.nn.graph.ComputationGraph.feedForward(ZZZZI)Ljava/util/Map;+1026
j  org.deeplearning4j.nn.graph.ComputationGraph.feedForward(ZZZZ)Ljava/util/Map;+7
j  org.deeplearning4j.nn.graph.ComputationGraph.silentOutput(Z[Lorg/nd4j/linalg/api/ndarray/INDArray;)[Lorg/nd4j/linalg/api/ndarray/INDArray;+10
j  org.deeplearning4j.nn.graph.ComputationGraph.doEvaluation(Lorg/nd4j/linalg/dataset/api/iterator/MultiDataSetIterator;[Lorg/deeplearning4j/eval/IEvaluation;)[Lorg/deeplearning4j/eval/IEvaluation;+335
j  org.deeplearning4j.nn.graph.ComputationGraph.doEvaluation(Lorg/nd4j/linalg/dataset/api/iterator/DataSetIterator;[Lorg/deeplearning4j/eval/IEvaluation;)[Lorg/deeplearning4j/eval/IEvaluation;+10
j  it.unicas.dpn.transferlearning.TrainLastLayer.evaluateModel(ZLjava/lang/String;Lorg/deeplearning4j/nn/graph/ComputationGraph;Lorg/nd4j/linalg/dataset/api/iterator/DataSetIterator;D)D+37
j  it.unicas.dpn.transferlearning.TrainLastLayer.main([Ljava/lang/String;)V+887
v  ~StubRoutines::call_stub

---------------  P R O C E S S  ---------------

Java Threads: ( => current thread )
  0x000000002dd0e000 JavaThread "NativeRandomDeallocator thread 0" daemon [_thread_blocked, id=19092, stack(0x000000005b680000,0x000000005b780000)]
  0x000000002d9a8800 JavaThread "JavaCPP Deallocator" daemon [_thread_blocked, id=14672, stack(0x000000002e340000,0x000000002e440000)]
  0x000000002d6e9800 JavaThread "Workspace deallocator thread" daemon [_thread_blocked, id=11152, stack(0x000000002e240000,0x000000002e340000)]
  0x000000002c7df000 JavaThread "Service Thread" daemon [_thread_blocked, id=9300, stack(0x000000002d070000,0x000000002d170000)]
  0x000000002c79d000 JavaThread "C1 CompilerThread2" daemon [_thread_blocked, id=7204, stack(0x000000002cf70000,0x000000002d070000)]
  0x000000002c739000 JavaThread "C2 CompilerThread1" daemon [_thread_blocked, id=13048, stack(0x000000002ce70000,0x000000002cf70000)]
  0x000000002c738000 JavaThread "C2 CompilerThread0" daemon [_thread_blocked, id=11748, stack(0x000000002cd70000,0x000000002ce70000)]
  0x000000002c736800 JavaThread "Monitor Ctrl-Break" daemon [_thread_in_native, id=10064, stack(0x000000002cc70000,0x000000002cd70000)]
  0x000000002aa1a800 JavaThread "Attach Listener" daemon [_thread_blocked, id=19880, stack(0x000000002bf60000,0x000000002c060000)]
  0x000000002aa19000 JavaThread "Signal Dispatcher" daemon [_thread_blocked, id=16044, stack(0x000000002be60000,0x000000002bf60000)]
  0x000000002a9ff800 JavaThread "Finalizer" daemon [_thread_blocked, id=21152, stack(0x000000002bc60000,0x000000002bd60000)]
  0x0000000003129000 JavaThread "Reference Handler" daemon [_thread_blocked, id=12912, stack(0x000000002bb60000,0x000000002bc60000)]
=>0x0000000003033800 JavaThread "main" [_thread_in_native, id=11988, stack(0x0000000002f30000,0x0000000003030000)]

Other Threads:
  0x000000002a9d8000 VMThread [stack: 0x000000002ba60000,0x000000002bb60000] [id=12628]
  0x000000002c927800 WatcherThread [stack: 0x000000002d170000,0x000000002d270000] [id=18108]

VM state:not at safepoint (normal execution)

VM Mutex/Monitor currently owned by a thread: None

Heap:
 PSYoungGen      total 389632K, used 96441K [0x00000006eab00000, 0x0000000705180000, 0x00000007c0000000)
  eden space 360960K, 18% used [0x00000006eab00000,0x00000006eed98d58,0x0000000700b80000)
  from space 28672K, 98% used [0x0000000703580000,0x0000000705115a58,0x0000000705180000)
  to   space 35328K, 0% used [0x0000000700c80000,0x0000000700c80000,0x0000000702f00000)
 ParOldGen       total 93184K, used 34955K [0x0000000540000000, 0x0000000545b00000, 0x00000006eab00000)
  object space 93184K, 37% used [0x0000000540000000,0x0000000542222c50,0x0000000545b00000)
 Metaspace       used 27620K, capacity 27859K, committed 28208K, reserved 1075200K
  class space    used 3210K, capacity 3295K, committed 3376K, reserved 1048576K

Card table byte_map: [0x0000000012630000,0x0000000013a40000] byte_map_base: 0x000000000fc30000

Marking Bits: (ParMarkBitMap*) 0x0000000071aaf860
 Begin Bits: [0x0000000014ba0000, 0x000000001eba0000)
 End Bits:   [0x000000001eba0000, 0x0000000028ba0000)

Polling page: 0x0000000001600000

CodeCache: size=245760Kb used=7009Kb max_used=7227Kb free=238750Kb
 bounds [0x0000000003270000, 0x00000000039b0000, 0x0000000012270000]
 total_blobs=2975 nmethods=1858 adapters=1029
 compilation: enabled

Compilation events (10 events):
Event: 30.366 Thread 0x000000002c79d000 2184       3       org.nd4j.linalg.api.ops.CustomOpDescriptor$CustomOpDescriptorBuilder::<init> (5 bytes)
Event: 30.366 Thread 0x000000002c79d000 nmethod 2184 0x000000000377a850 code [0x000000000377a9a0, 0x000000000377ab50]
Event: 30.366 Thread 0x000000002c79d000 2185       3       java.lang.Long::valueOf (10 bytes)
Event: 30.366 Thread 0x000000002c79d000 nmethod 2185 0x000000000378cf50 code [0x000000000378d0c0, 0x000000000378d258]
Event: 30.381 Thread 0x000000002c739000 2186       4       java.util.regex.Pattern::isSupplementary (20 bytes)
Event: 30.381 Thread 0x000000002c739000 nmethod 2186 0x0000000003771b50 code [0x0000000003771c80, 0x0000000003771cf8]
Event: 32.611 Thread 0x000000002c79d000 2187       3       java.util.concurrent.locks.ReentrantReadWriteLock$ReadLock::lock (9 bytes)
Event: 32.611 Thread 0x000000002c79d000 nmethod 2187 0x00000000036d1390 code [0x00000000036d1500, 0x00000000036d1878]
Event: 32.611 Thread 0x000000002c79d000 2188       3       java.util.concurrent.locks.AbstractQueuedSynchronizer::acquireShared (14 bytes)
Event: 32.611 Thread 0x000000002c79d000 nmethod 2188 0x0000000003730d90 code [0x0000000003730f00, 0x0000000003731198]

GC Heap History (10 events):
Event: 20.407 GC heap before
{Heap before GC invocations=11 (full 0):
 PSYoungGen      total 164864K, used 162791K [0x00000006eab00000, 0x00000006f6300000, 0x00000007c0000000)
  eden space 147456K, 100% used [0x00000006eab00000,0x00000006f3b00000,0x00000006f3b00000)
  from space 17408K, 88% used [0x00000006f4e00000,0x00000006f5cf9ed8,0x00000006f5f00000)
  to   space 19456K, 0% used [0x00000006f3b00000,0x00000006f3b00000,0x00000006f4e00000)
 ParOldGen       total 131072K, used 12669K [0x0000000540000000, 0x0000000548000000, 0x00000006eab00000)
  object space 131072K, 9% used [0x0000000540000000,0x0000000540c5f4a0,0x0000000548000000)
 Metaspace       used 20287K, capacity 20423K, committed 20736K, reserved 1067008K
  class space    used 2400K, capacity 2449K, committed 2560K, reserved 1048576K
Event: 20.422 GC heap after
Heap after GC invocations=11 (full 0):
 PSYoungGen      total 166912K, used 17899K [0x00000006eab00000, 0x00000006fbb80000, 0x00000007c0000000)
  eden space 147456K, 0% used [0x00000006eab00000,0x00000006eab00000,0x00000006f3b00000)
  from space 19456K, 92% used [0x00000006f3b00000,0x00000006f4c7afd0,0x00000006f4e00000)
  to   space 21504K, 0% used [0x00000006fa680000,0x00000006fa680000,0x00000006fbb80000)
 ParOldGen       total 131072K, used 13941K [0x0000000540000000, 0x0000000548000000, 0x00000006eab00000)
  object space 131072K, 10% used [0x0000000540000000,0x0000000540d9d4b0,0x0000000548000000)
 Metaspace       used 20287K, capacity 20423K, committed 20736K, reserved 1067008K
  class space    used 2400K, capacity 2449K, committed 2560K, reserved 1048576K
}
Event: 20.774 GC heap before
{Heap before GC invocations=12 (full 0):
 PSYoungGen      total 166912K, used 165355K [0x00000006eab00000, 0x00000006fbb80000, 0x00000007c0000000)
  eden space 147456K, 100% used [0x00000006eab00000,0x00000006f3b00000,0x00000006f3b00000)
  from space 19456K, 92% used [0x00000006f3b00000,0x00000006f4c7afd0,0x00000006f4e00000)
  to   space 21504K, 0% used [0x00000006fa680000,0x00000006fa680000,0x00000006fbb80000)
 ParOldGen       total 131072K, used 13941K [0x0000000540000000, 0x0000000548000000, 0x00000006eab00000)
  object space 131072K, 10% used [0x0000000540000000,0x0000000540d9d4b0,0x0000000548000000)
 Metaspace       used 20289K, capacity 20423K, committed 20736K, reserved 1067008K
  class space    used 2400K, capacity 2449K, committed 2560K, reserved 1048576K
Event: 20.790 GC heap after
Heap after GC invocations=12 (full 0):
 PSYoungGen      total 254464K, used 20735K [0x00000006eab00000, 0x00000006fc180000, 0x00000007c0000000)
  eden space 232960K, 0% used [0x00000006eab00000,0x00000006eab00000,0x00000006f8e80000)
  from space 21504K, 96% used [0x00000006fa680000,0x00000006fbabffe8,0x00000006fbb80000)
  to   space 24576K, 0% used [0x00000006f8e80000,0x00000006f8e80000,0x00000006fa680000)
 ParOldGen       total 131072K, used 14299K [0x0000000540000000, 0x0000000548000000, 0x00000006eab00000)
  object space 131072K, 10% used [0x0000000540000000,0x0000000540df6dc0,0x0000000548000000)
 Metaspace       used 20289K, capacity 20423K, committed 20736K, reserved 1067008K
  class space    used 2400K, capacity 2449K, committed 2560K, reserved 1048576K
}
Event: 21.361 GC heap before
{Heap before GC invocations=13 (full 0):
 PSYoungGen      total 254464K, used 239582K [0x00000006eab00000, 0x00000006fc180000, 0x00000007c0000000)
  eden space 232960K, 93% used [0x00000006eab00000,0x00000006f80b78b8,0x00000006f8e80000)
  from space 21504K, 96% used [0x00000006fa680000,0x00000006fbabffe8,0x00000006fbb80000)
  to   space 24576K, 0% used [0x00000006f8e80000,0x00000006f8e80000,0x00000006fa680000)
 ParOldGen       total 131072K, used 14299K [0x0000000540000000, 0x0000000548000000, 0x00000006eab00000)
  object space 131072K, 10% used [0x0000000540000000,0x0000000540df6dc0,0x0000000548000000)
 Metaspace       used 21072K, capacity 21197K, committed 21296K, reserved 1069056K
  class space    used 2497K, capacity 2578K, committed 2608K, reserved 1048576K
Event: 21.387 GC heap after
Heap after GC invocations=13 (full 0):
 PSYoungGen      total 257536K, used 24575K [0x00000006eab00000, 0x0000000705400000, 0x00000007c0000000)
  eden space 232960K, 0% used [0x00000006eab00000,0x00000006eab00000,0x00000006f8e80000)
  from space 24576K, 99% used [0x00000006f8e80000,0x00000006fa67ff00,0x00000006fa680000)
  to   space 31232K, 0% used [0x0000000703580000,0x0000000703580000,0x0000000705400000)
 ParOldGen       total 131072K, used 21675K [0x0000000540000000, 0x0000000548000000, 0x00000006eab00000)
  object space 131072K, 16% used [0x0000000540000000,0x000000054152adf0,0x0000000548000000)
 Metaspace       used 21072K, capacity 21197K, committed 21296K, reserved 1069056K
  class space    used 2497K, capacity 2578K, committed 2608K, reserved 1048576K
}
Event: 21.387 GC heap before
{Heap before GC invocations=14 (full 1):
 PSYoungGen      total 257536K, used 24575K [0x00000006eab00000, 0x0000000705400000, 0x00000007c0000000)
  eden space 232960K, 0% used [0x00000006eab00000,0x00000006eab00000,0x00000006f8e80000)
  from space 24576K, 99% used [0x00000006f8e80000,0x00000006fa67ff00,0x00000006fa680000)
  to   space 31232K, 0% used [0x0000000703580000,0x0000000703580000,0x0000000705400000)
 ParOldGen       total 131072K, used 21675K [0x0000000540000000, 0x0000000548000000, 0x00000006eab00000)
  object space 131072K, 16% used [0x0000000540000000,0x000000054152adf0,0x0000000548000000)
 Metaspace       used 21072K, capacity 21197K, committed 21296K, reserved 1069056K
  class space    used 2497K, capacity 2578K, committed 2608K, reserved 1048576K
Event: 21.440 GC heap after
Heap after GC invocations=14 (full 1):
 PSYoungGen      total 257536K, used 0K [0x00000006eab00000, 0x0000000705400000, 0x00000007c0000000)
  eden space 232960K, 0% used [0x00000006eab00000,0x00000006eab00000,0x00000006f8e80000)
  from space 24576K, 0% used [0x00000006f8e80000,0x00000006f8e80000,0x00000006fa680000)
  to   space 31232K, 0% used [0x0000000703580000,0x0000000703580000,0x0000000705400000)
 ParOldGen       total 93184K, used 34955K [0x0000000540000000, 0x0000000545b00000, 0x00000006eab00000)
  object space 93184K, 37% used [0x0000000540000000,0x0000000542222c50,0x0000000545b00000)
 Metaspace       used 21072K, capacity 21197K, committed 21296K, reserved 1069056K
  class space    used 2497K, capacity 2578K, committed 2608K, reserved 1048576K
}
Event: 28.736 GC heap before
{Heap before GC invocations=15 (full 1):
 PSYoungGen      total 257536K, used 232960K [0x00000006eab00000, 0x0000000705400000, 0x00000007c0000000)
  eden space 232960K, 100% used [0x00000006eab00000,0x00000006f8e80000,0x00000006f8e80000)
  from space 24576K, 0% used [0x00000006f8e80000,0x00000006f8e80000,0x00000006fa680000)
  to   space 31232K, 0% used [0x0000000703580000,0x0000000703580000,0x0000000705400000)
 ParOldGen       total 93184K, used 34955K [0x0000000540000000, 0x0000000545b00000, 0x00000006eab00000)
  object space 93184K, 37% used [0x0000000540000000,0x0000000542222c50,0x0000000545b00000)
 Metaspace       used 26511K, capacity 26739K, committed 27056K, reserved 1073152K
  class space    used 3117K, capacity 3199K, committed 3248K, reserved 1048576K
Event: 28.761 GC heap after
Heap after GC invocations=15 (full 1):
 PSYoungGen      total 389632K, used 28246K [0x00000006eab00000, 0x0000000705180000, 0x00000007c0000000)
  eden space 360960K, 0% used [0x00000006eab00000,0x00000006eab00000,0x0000000700b80000)
  from space 28672K, 98% used [0x0000000703580000,0x0000000705115a58,0x0000000705180000)
  to   space 35328K, 0% used [0x0000000700c80000,0x0000000700c80000,0x0000000702f00000)
 ParOldGen       total 93184K, used 34955K [0x0000000540000000, 0x0000000545b00000, 0x00000006eab00000)
  object space 93184K, 37% used [0x0000000540000000,0x0000000542222c50,0x0000000545b00000)
 Metaspace       used 26511K, capacity 26739K, committed 27056K, reserved 1073152K
  class space    used 3117K, capacity 3199K, committed 3248K, reserved 1048576K
}

Deoptimization events (10 events):
Event: 26.549 Thread 0x0000000003033800 Uncommon trap: reason=unstable_if action=reinterpret pc=0x000000000382525c method=java.util.concurrent.ConcurrentHashMap.get(Ljava/lang/Object;)Ljava/lang/Object; @ 76
Event: 27.407 Thread 0x0000000003033800 Uncommon trap: reason=unstable_if action=reinterpret pc=0x00000000034bba34 method=java.lang.String.regionMatches(ZILjava/lang/String;II)Z @ 102
Event: 29.771 Thread 0x0000000003033800 Uncommon trap: reason=unloaded action=reinterpret pc=0x0000000003416a7c method=org.datavec.image.loader.NativeImageLoader.fillNDArray(Lorg/bytedeco/javacpp/opencv_core$Mat;Lorg/nd4j/linalg/api/ndarray/INDArray;)V @ 1237
Event: 29.824 Thread 0x000000002cb2d800 Uncommon trap: reason=class_check action=maybe_recompile pc=0x0000000003381518 method=java.util.AbstractList$Itr.hasNext()Z @ 8
Event: 29.824 Thread 0x000000002cb2d800 Uncommon trap: reason=class_check action=maybe_recompile pc=0x00000000037fcbd8 method=java.util.AbstractList$Itr.next()Ljava/lang/Object; @ 14
Event: 29.824 Thread 0x000000002cb2d800 Uncommon trap: reason=class_check action=maybe_recompile pc=0x0000000003381518 method=java.util.AbstractList$Itr.hasNext()Z @ 8
Event: 29.824 Thread 0x000000002cb2d800 Uncommon trap: reason=class_check action=maybe_recompile pc=0x00000000037fcbd8 method=java.util.AbstractList$Itr.next()Ljava/lang/Object; @ 14
Event: 29.824 Thread 0x000000002cb2d800 Uncommon trap: reason=class_check action=maybe_recompile pc=0x0000000003381518 method=java.util.AbstractList$Itr.hasNext()Z @ 8
Event: 29.825 Thread 0x000000002cb2d800 Uncommon trap: reason=class_check action=maybe_recompile pc=0x00000000037fcbd8 method=java.util.AbstractList$Itr.next()Ljava/lang/Object; @ 14
Event: 29.836 Thread 0x000000002cb2d800 Uncommon trap: reason=unloaded action=reinterpret pc=0x0000000003461f80 method=org.datavec.image.loader.NativeImageLoader.fillNDArray(Lorg/bytedeco/javacpp/opencv_core$Mat;Lorg/nd4j/linalg/api/ndarray/INDArray;)V @ 1237

Classes redefined (0 events):
No events

Internal exceptions (10 events):
Event: 29.595 Thread 0x0000000003033800 Exception <a 'sun/nio/fs/WindowsException'> (0x00000006ede5fa38) thrown at [C:\re\workspace\8-2-build-windows-amd64-cygwin\jdk8u161\10277\hotspot\src\share\vm\prims\jni.cpp, line 709]
Event: 29.595 Thread 0x0000000003033800 Exception <a 'sun/nio/fs/WindowsException'> (0x00000006ede60c90) thrown at [C:\re\workspace\8-2-build-windows-amd64-cygwin\jdk8u161\10277\hotspot\src\share\vm\prims\jni.cpp, line 709]
Event: 29.596 Thread 0x0000000003033800 Exception <a 'sun/nio/fs/WindowsException'> (0x00000006ede61ee8) thrown at [C:\re\workspace\8-2-build-windows-amd64-cygwin\jdk8u161\10277\hotspot\src\share\vm\prims\jni.cpp, line 709]
Event: 29.596 Thread 0x0000000003033800 Exception <a 'sun/nio/fs/WindowsException'> (0x00000006ede63190) thrown at [C:\re\workspace\8-2-build-windows-amd64-cygwin\jdk8u161\10277\hotspot\src\share\vm\prims\jni.cpp, line 709]
Event: 29.597 Thread 0x0000000003033800 Exception <a 'sun/nio/fs/WindowsException'> (0x00000006ede64438) thrown at [C:\re\workspace\8-2-build-windows-amd64-cygwin\jdk8u161\10277\hotspot\src\share\vm\prims\jni.cpp, line 709]
Event: 29.597 Thread 0x0000000003033800 Exception <a 'sun/nio/fs/WindowsException'> (0x00000006ede65730) thrown at [C:\re\workspace\8-2-build-windows-amd64-cygwin\jdk8u161\10277\hotspot\src\share\vm\prims\jni.cpp, line 709]
Event: 29.598 Thread 0x0000000003033800 Exception <a 'sun/nio/fs/WindowsException'> (0x00000006ede66988) thrown at [C:\re\workspace\8-2-build-windows-amd64-cygwin\jdk8u161\10277\hotspot\src\share\vm\prims\jni.cpp, line 709]
Event: 29.598 Thread 0x0000000003033800 Exception <a 'sun/nio/fs/WindowsException'> (0x00000006ede67c58) thrown at [C:\re\workspace\8-2-build-windows-amd64-cygwin\jdk8u161\10277\hotspot\src\share\vm\prims\jni.cpp, line 709]
Event: 29.598 Thread 0x0000000003033800 Exception <a 'sun/nio/fs/WindowsException'> (0x00000006ede68f00) thrown at [C:\re\workspace\8-2-build-windows-amd64-cygwin\jdk8u161\10277\hotspot\src\share\vm\prims\jni.cpp, line 709]
Event: 29.599 Thread 0x0000000003033800 Exception <a 'sun/nio/fs/WindowsException'> (0x00000006ede6a1a8) thrown at [C:\re\workspace\8-2-build-windows-amd64-cygwin\jdk8u161\10277\hotspot\src\share\vm\prims\jni.cpp, line 709]

Events (10 events):
Event: 32.247 loading class org/nd4j/linalg/api/blas/BlasBufferUtil
Event: 32.247 loading class org/nd4j/linalg/api/blas/BlasBufferUtil done
Event: 32.248 loading class org/nd4j/linalg/api/blas/params/GemmParams
Event: 32.248 loading class org/nd4j/linalg/api/blas/params/GemmParams done
Event: 32.609 loading class org/nd4j/linalg/api/ops/executioner/OpExecutionerUtil
Event: 32.609 loading class org/nd4j/linalg/api/ops/executioner/OpExecutionerUtil done
Event: 32.610 loading class org/nd4j/linalg/api/ops/impl/scalar/ScalarAdd
Event: 32.610 loading class org/nd4j/linalg/api/ops/impl/scalar/ScalarAdd done
Event: 32.681 loading class org/nd4j/linalg/api/ops/impl/transforms/RectifedLinear
Event: 32.681 loading class org/nd4j/linalg/api/ops/impl/transforms/RectifedLinear done


Dynamic libraries:
0x00007ff676d20000 - 0x00007ff676d57000 	C:\Program Files\Java\jdk1.8.0_161\bin\java.exe
0x00007ff822f60000 - 0x00007ff823141000 	C:\WINDOWS\SYSTEM32\ntdll.dll
0x00007ff8204e0000 - 0x00007ff820592000 	C:\WINDOWS\System32\KERNEL32.DLL
0x00007ff81f750000 - 0x00007ff81f9c3000 	C:\WINDOWS\System32\KERNELBASE.dll
0x00007ff822820000 - 0x00007ff8228c1000 	C:\WINDOWS\System32\ADVAPI32.dll
0x00007ff821100000 - 0x00007ff82119e000 	C:\WINDOWS\System32\msvcrt.dll
0x00007ff8205a0000 - 0x00007ff8205fb000 	C:\WINDOWS\System32\sechost.dll
0x00007ff8211a0000 - 0x00007ff8212c4000 	C:\WINDOWS\System32\RPCRT4.dll
0x00007ff820850000 - 0x00007ff8209e0000 	C:\WINDOWS\System32\USER32.dll
0x00007ff820130000 - 0x00007ff820150000 	C:\WINDOWS\System32\win32u.dll
0x00007ff8210a0000 - 0x00007ff8210c8000 	C:\WINDOWS\System32\GDI32.dll
0x00007ff81f430000 - 0x00007ff81f5c2000 	C:\WINDOWS\System32\gdi32full.dll
0x00007ff81f5d0000 - 0x00007ff81f66f000 	C:\WINDOWS\System32\msvcp_win.dll
0x00007ff81f330000 - 0x00007ff81f42a000 	C:\WINDOWS\System32\ucrtbase.dll
0x00007ff80f600000 - 0x00007ff80f869000 	C:\WINDOWS\WinSxS\amd64_microsoft.windows.common-controls_6595b64144ccf1df_6.0.17134.112_none_fb3f961b30681c12\COMCTL32.dll
0x00007ff822a60000 - 0x00007ff822d83000 	C:\WINDOWS\System32\combase.dll
0x00007ff81f6d0000 - 0x00007ff81f74a000 	C:\WINDOWS\System32\bcryptPrimitives.dll
0x00007ff8210d0000 - 0x00007ff8210fd000 	C:\WINDOWS\System32\IMM32.DLL
0x0000000071b30000 - 0x0000000071c02000 	C:\Program Files\Java\jdk1.8.0_161\jre\bin\msvcr100.dll
0x0000000071290000 - 0x0000000071b2f000 	C:\Program Files\Java\jdk1.8.0_161\jre\bin\server\jvm.dll
0x00007ff820660000 - 0x00007ff820668000 	C:\WINDOWS\System32\PSAPI.DLL
0x00007ff81be40000 - 0x00007ff81be63000 	C:\WINDOWS\SYSTEM32\WINMM.dll
0x00007ff812ac0000 - 0x00007ff812aca000 	C:\WINDOWS\SYSTEM32\VERSION.dll
0x00007ff813560000 - 0x00007ff813569000 	C:\WINDOWS\SYSTEM32\WSOCK32.dll
0x00007ff8212d0000 - 0x00007ff82133c000 	C:\WINDOWS\System32\WS2_32.dll
0x00007ff81be10000 - 0x00007ff81be3a000 	C:\WINDOWS\SYSTEM32\WINMMBASE.dll
0x00007ff8200e0000 - 0x00007ff820129000 	C:\WINDOWS\System32\cfgmgr32.dll
0x0000000072620000 - 0x000000007262f000 	C:\Program Files\Java\jdk1.8.0_161\jre\bin\verify.dll
0x00000000725f0000 - 0x0000000072619000 	C:\Program Files\Java\jdk1.8.0_161\jre\bin\java.dll
0x0000000071240000 - 0x0000000071263000 	C:\Program Files\Java\jdk1.8.0_161\jre\bin\instrument.dll
0x0000000071270000 - 0x0000000071286000 	C:\Program Files\Java\jdk1.8.0_161\jre\bin\zip.dll
0x00007ff8213e0000 - 0x00007ff822820000 	C:\WINDOWS\System32\SHELL32.dll
0x00007ff8228e0000 - 0x00007ff822989000 	C:\WINDOWS\System32\shcore.dll
0x00007ff81f9d0000 - 0x00007ff8200dd000 	C:\WINDOWS\System32\windows.storage.dll
0x00007ff820a90000 - 0x00007ff820ae1000 	C:\WINDOWS\System32\shlwapi.dll
0x00007ff81f2f0000 - 0x00007ff81f301000 	C:\WINDOWS\System32\kernel.appcore.dll
0x00007ff81f2c0000 - 0x00007ff81f2df000 	C:\WINDOWS\System32\profapi.dll
0x00007ff81f270000 - 0x00007ff81f2bc000 	C:\WINDOWS\System32\powrprof.dll
0x00007ff81f2e0000 - 0x00007ff81f2ea000 	C:\WINDOWS\System32\FLTLIB.DLL
0x00007ff806120000 - 0x00007ff80613a000 	C:\Program Files\JetBrains\IntelliJ IDEA Community Edition 2017.3.4\bin\breakgen64.dll
0x0000000071220000 - 0x000000007123a000 	C:\Program Files\Java\jdk1.8.0_161\jre\bin\net.dll
0x00007ff81eaf0000 - 0x00007ff81eb56000 	C:\WINDOWS\system32\mswsock.dll
0x0000000069480000 - 0x000000006b070000 	C:\Users\hp4540\.javacpp\cache\nd4j-native-1.0.0-alpha-windows-x86_64.jar\org\nd4j\nativeblas\windows-x86_64\libnd4jcpu.dll
0x0000000071200000 - 0x0000000071211000 	C:\Program Files\Java\jdk1.8.0_161\jre\bin\nio.dll
0x0000000066880000 - 0x0000000066e41000 	C:\Users\hp4540\.javacpp\cache\nd4j-native-1.0.0-alpha-windows-x86_64.jar\org\nd4j\nativeblas\windows-x86_64\jnind4jcpu.dll
0x000000006d7c0000 - 0x000000006f95e000 	C:\Users\hp4540\.javacpp\cache\openblas-0.2.20-1.4.1-windows-x86_64.jar\org\bytedeco\javacpp\windows-x86_64\libopenblas.dll
0x0000000067800000 - 0x0000000068570000 	C:\Users\hp4540\.javacpp\cache\openblas-0.2.20-1.4.1-windows-x86_64.jar\org\bytedeco\javacpp\windows-x86_64\jniopenblas.dll
0x00007ff81eca0000 - 0x00007ff81ecb7000 	C:\WINDOWS\SYSTEM32\CRYPTSP.dll
0x00007ff81e670000 - 0x00007ff81e6a3000 	C:\WINDOWS\system32\rsaenh.dll
0x00007ff81edd0000 - 0x00007ff81edf5000 	C:\WINDOWS\SYSTEM32\bcrypt.dll
0x00007ff81f1a0000 - 0x00007ff81f1c8000 	C:\WINDOWS\SYSTEM32\USERENV.dll
0x00007ff81ecc0000 - 0x00007ff81eccb000 	C:\WINDOWS\SYSTEM32\CRYPTBASE.dll
0x00007ff81e810000 - 0x00007ff81e848000 	C:\WINDOWS\SYSTEM32\IPHLPAPI.DLL
0x00007ff8228d0000 - 0x00007ff8228d8000 	C:\WINDOWS\System32\NSI.dll
0x00007ff816f00000 - 0x00007ff816f16000 	C:\WINDOWS\SYSTEM32\dhcpcsvc6.DLL
0x00007ff816fe0000 - 0x00007ff816ffa000 	C:\WINDOWS\SYSTEM32\dhcpcsvc.DLL
0x00007ff80dca0000 - 0x00007ff80dcf1000 	C:\Users\hp4540\.javacpp\cache\hdf5-1.10.1-1.4.1-windows-x86_64.jar\org\bytedeco\javacpp\windows-x86_64\concrt140.dll
0x00007ff8128b0000 - 0x00007ff8128c6000 	C:\WINDOWS\SYSTEM32\VCRUNTIME140.dll
0x00007ff805620000 - 0x00007ff8056bf000 	C:\WINDOWS\SYSTEM32\MSVCP140.dll
0x00007ff805190000 - 0x00007ff80522d000 	C:\Users\hp4540\.javacpp\cache\hdf5-1.10.1-1.4.1-windows-x86_64.jar\org\bytedeco\javacpp\windows-x86_64\msvcp140.dll
0x00007ff8135e0000 - 0x00007ff8135f7000 	C:\Users\hp4540\.javacpp\cache\hdf5-1.10.1-1.4.1-windows-x86_64.jar\org\bytedeco\javacpp\windows-x86_64\vcruntime140.dll
0x000000002e840000 - 0x000000002e843000 	C:\Users\hp4540\.javacpp\cache\hdf5-1.10.1-1.4.1-windows-x86_64.jar\org\bytedeco\javacpp\windows-x86_64\api-ms-win-crt-locale-l1-1-0.dll
0x000000002e850000 - 0x000000002e854000 	C:\Users\hp4540\.javacpp\cache\hdf5-1.10.1-1.4.1-windows-x86_64.jar\org\bytedeco\javacpp\windows-x86_64\api-ms-win-crt-string-l1-1-0.dll
0x000000002e860000 - 0x000000002e864000 	C:\Users\hp4540\.javacpp\cache\hdf5-1.10.1-1.4.1-windows-x86_64.jar\org\bytedeco\javacpp\windows-x86_64\api-ms-win-crt-stdio-l1-1-0.dll
0x000000002e870000 - 0x000000002e875000 	C:\Users\hp4540\.javacpp\cache\hdf5-1.10.1-1.4.1-windows-x86_64.jar\org\bytedeco\javacpp\windows-x86_64\api-ms-win-crt-math-l1-1-0.dll
0x000000002e880000 - 0x000000002e883000 	C:\Users\hp4540\.javacpp\cache\hdf5-1.10.1-1.4.1-windows-x86_64.jar\org\bytedeco\javacpp\windows-x86_64\api-ms-win-crt-heap-l1-1-0.dll
0x000000002e890000 - 0x000000002e894000 	C:\Users\hp4540\.javacpp\cache\hdf5-1.10.1-1.4.1-windows-x86_64.jar\org\bytedeco\javacpp\windows-x86_64\api-ms-win-crt-runtime-l1-1-0.dll
0x000000002e8a0000 - 0x000000002e8a4000 	C:\Users\hp4540\.javacpp\cache\hdf5-1.10.1-1.4.1-windows-x86_64.jar\org\bytedeco\javacpp\windows-x86_64\api-ms-win-crt-convert-l1-1-0.dll
0x000000002e8b0000 - 0x000000002e8b3000 	C:\Users\hp4540\.javacpp\cache\hdf5-1.10.1-1.4.1-windows-x86_64.jar\org\bytedeco\javacpp\windows-x86_64\api-ms-win-crt-environment-l1-1-0.dll
0x000000002e8c0000 - 0x000000002e8c3000 	C:\Users\hp4540\.javacpp\cache\hdf5-1.10.1-1.4.1-windows-x86_64.jar\org\bytedeco\javacpp\windows-x86_64\api-ms-win-crt-time-l1-1-0.dll
0x000000002e8d0000 - 0x000000002e8d3000 	C:\Users\hp4540\.javacpp\cache\hdf5-1.10.1-1.4.1-windows-x86_64.jar\org\bytedeco\javacpp\windows-x86_64\api-ms-win-crt-filesystem-l1-1-0.dll
0x00000000665a0000 - 0x00000000665a3000 	C:\Users\hp4540\.javacpp\cache\hdf5-1.10.1-1.4.1-windows-x86_64.jar\org\bytedeco\javacpp\windows-x86_64\api-ms-win-crt-utility-l1-1-0.dll
0x00000000665b0000 - 0x00000000665b5000 	C:\Users\hp4540\.javacpp\cache\hdf5-1.10.1-1.4.1-windows-x86_64.jar\org\bytedeco\javacpp\windows-x86_64\api-ms-win-crt-multibyte-l1-1-0.dll
0x00007ffff5ce0000 - 0x00007ffff5fe4000 	C:\Users\hp4540\.javacpp\cache\opencv-3.4.1-1.4.1-windows-x86_64.jar\org\bytedeco\javacpp\windows-x86_64\opencv_core341.dll
0x00007ffff5460000 - 0x00007ffff5865000 	C:\Users\hp4540\.javacpp\cache\opencv-3.4.1-1.4.1-windows-x86_64.jar\org\bytedeco\javacpp\windows-x86_64\opencv_imgproc341.dll
0x00007ffff50d0000 - 0x00007ffff545e000 	C:\Users\hp4540\.javacpp\cache\opencv-3.4.1-1.4.1-windows-x86_64.jar\org\bytedeco\javacpp\windows-x86_64\jniopencv_core.dll
0x00007ffff6fa0000 - 0x00007ffff70f6000 	C:\Users\hp4540\.javacpp\cache\opencv-3.4.1-1.4.1-windows-x86_64.jar\org\bytedeco\javacpp\windows-x86_64\jniopencv_imgproc.dll
0x00007ffff4e00000 - 0x00007ffff50cf000 	C:\Users\hp4540\.javacpp\cache\opencv-3.4.1-1.4.1-windows-x86_64.jar\org\bytedeco\javacpp\windows-x86_64\opencv_imgcodecs341.dll
0x00007ff805fc0000 - 0x00007ff805ff4000 	C:\Users\hp4540\.javacpp\cache\opencv-3.4.1-1.4.1-windows-x86_64.jar\org\bytedeco\javacpp\windows-x86_64\jniopencv_imgcodecs.dll
0x00007ff811f70000 - 0x00007ff812139000 	C:\WINDOWS\SYSTEM32\dbghelp.dll

VM Arguments:
jvm_args: -Xmx10240m -javaagent:C:\Program Files\JetBrains\IntelliJ IDEA Community Edition 2017.3.4\lib\idea_rt.jar=57091:C:\Program Files\JetBrains\IntelliJ IDEA Community Edition 2017.3.4\bin -Dfile.encoding=UTF-8 
java_command: it.unicas.dpn.transferlearning.TrainLastLayer
java_class_path (initial): C:\Program Files\Java\jdk1.8.0_161\jre\lib\charsets.jar;C:\Program Files\Java\jdk1.8.0_161\jre\lib\deploy.jar;C:\Program Files\Java\jdk1.8.0_161\jre\lib\ext\access-bridge-64.jar;C:\Program Files\Java\jdk1.8.0_161\jre\lib\ext\cldrdata.jar;C:\Program Files\Java\jdk1.8.0_161\jre\lib\ext\dnsns.jar;C:\Program Files\Java\jdk1.8.0_161\jre\lib\ext\jaccess.jar;C:\Program Files\Java\jdk1.8.0_161\jre\lib\ext\jfxrt.jar;C:\Program Files\Java\jdk1.8.0_161\jre\lib\ext\localedata.jar;C:\Program Files\Java\jdk1.8.0_161\jre\lib\ext\nashorn.jar;C:\Program Files\Java\jdk1.8.0_161\jre\lib\ext\sunec.jar;C:\Program Files\Java\jdk1.8.0_161\jre\lib\ext\sunjce_provider.jar;C:\Program Files\Java\jdk1.8.0_161\jre\lib\ext\sunmscapi.jar;C:\Program Files\Java\jdk1.8.0_161\jre\lib\ext\sunpkcs11.jar;C:\Program Files\Java\jdk1.8.0_161\jre\lib\ext\zipfs.jar;C:\Program Files\Java\jdk1.8.0_161\jre\lib\javaws.jar;C:\Program Files\Java\jdk1.8.0_161\jre\lib\jce.jar;C:\Program Files\Java\jdk1.8.0_161\jre\lib\jfr.jar;C:\Program Files\Java\jdk1.8.0_161\jre\lib\jfxswt.jar;C:\Program Files\Java\jdk1.8.0_161\jre\lib\jsse.jar;C:\Program Files\Java\jdk1.8.0_161\jre\lib\management-agent.jar;C:\Program Files\Java\jdk1.8.0_161\jre\lib\plugin.jar;C:\Program Files\Java\jdk1.8.0_161\jre\lib\resources.jar;C:\Program Files\Java\jdk1.8.0_161\jre\lib\rt.jar;C:\Users\hp4540\Documents\Github\maia-distributed-programming\mass-detection-models\target\classes;C:\Users\hp4540\.m2\repository\org\slf4j\slf4j-simple\1.7.25\slf4j-simple-1.7.25.jar;C:\Users\hp4540\.m2\repository\org\slf4j\slf4j-api\1.7.25\slf4j-api-1.7.25.jar;C:\Users\hp4540\.m2\repository\org\deeplearning4j\deeplearning4j-core\1.0.0-alpha\deeplearning4j-core-1.0.0-alpha.jar;C:\Users\hp4540\.m2\repository\org\deeplearning4j\deeplearning4j-tsne\1.0.0-alpha\deeplearning4j-tsne-1.0.0-alpha.jar;C:\Users\hp4540\.m2\repository\org\projectlombok\lombok\1.16.20\lombok-1.16.20.jar;C:\Users\hp4540\.m2\repository\org\deeplearning4j\deeplearning4j-da
Launcher Type: SUN_STANDARD

Environment Variables:
JAVA_HOME=C:\Program Files\Java\jdk1.8.0_161
PATH=C:\ProgramData\Oracle\Java\javapath;C:\WINDOWS\system32;C:\WINDOWS;C:\WINDOWS\System32\Wbem;C:\WINDOWS\System32\WindowsPowerShell\v1.0\;C:\WINDOWS\system32\config\systemprofile\.dnx\bin;C:\Program Files\Microsoft DNX\Dnvm\;C:\Program Files (x86)\Windows Kits\8.1\Windows Performance Toolkit\;C:\Program Files\Microsoft SQL Server\130\Tools\Binn\;C:\Program Files\Git\cmd;C:\Program Files (x86)\Intel\OpenCL SDK\2.0\bin\x86;C:\Program Files (x86)\Intel\OpenCL SDK\2.0\bin\x64;C:\Program Files\Microsoft SDKs\Kinect\v2.0_1409\\bin;C:\Program Files\Java\jdk1.8.0_161\bin;C:\Program Files\MiKTeX 2.9\miktex\bin\x64\;C:\Program Files\nodejs\;;C:\WINDOWS\System32\OpenSSH\;C:\Program Files\TortoiseGit\bin;C:\Users\hp4540\AppData\Local\Microsoft\WindowsApps;C:\Program Files\PCL 1.8.0\bin;C:\Program Files\OpenNI2\Redist;C:\Program Files\PCL 1.8.0\3rdParty\VTK\bin;C:\Programs\Qt\Qt5.9.3\5.9.3\msvc2015_64\bin;C:\Program Files\CMake\bin;C:\Users\hp4540\AppData\Local\atom\bin;C:\Programs\ninja-win;C:\Programs\Anaconda3;%OpenCV3l%;%OpenCV3l%\x64\vc14\bin;C:\Programs\opencv\opencv2\build;C:\Programs\opencv\opencv2\build\x64\vc14\bin;C:\Programs\opencv\opencv2\build;C:\Programs\opencv\opencv2\build\x64\vc14\bin;C:\Program Files (x86)\MiKTeX 2.9\miktex\bin\;C:\Users\hp4540\AppData\Local\Microsoft\WindowsApps;C:\Program Files\Microsoft VS Code\bin;C:\Program Files\ITK\bin;C:\Programs\apache-maven-3.5.3\bin;C:\Users\hp4540\AppData\Roaming\npm;C:\Programs\Anaconda3\envs\py27;C:\Programs\Qt\5.10.1\mingw53_32\plugins;
USERNAME=hp4540
OS=Windows_NT
PROCESSOR_IDENTIFIER=Intel64 Family 6 Model 58 Stepping 9, GenuineIntel



---------------  S Y S T E M  ---------------

OS: Windows 10.0 , 64 bit Build 17134 (10.0.17134.1)

CPU:total 4 (initial active 4) (2 cores per cpu, 2 threads per core) family 6 model 58 stepping 9, cmov, cx8, fxsr, mmx, sse, sse2, sse3, ssse3, sse4.1, sse4.2, popcnt, avx, aes, clmul, erms, ht, tsc, tscinvbit, tscinv

Memory: 4k page, physical 12461576k(4485836k free), swap 23385488k(6694104k free)

vm_info: Java HotSpot(TM) 64-Bit Server VM (25.161-b12) for windows-amd64 JRE (1.8.0_161-b12), built on Dec 19 2017 17:52:25 by "java_re" with MS VC++ 10.0 (VS2010)

time: Fri Jul 06 23:12:13 2018
elapsed time: 36 seconds (0d 0h 0m 36s)

