#
# A fatal error has been detected by the Java Runtime Environment:
#
#  EXCEPTION_ACCESS_VIOLATION (0xc0000005) at pc=0x0000000069c6981e, pid=2144, tid=0x000000000000353c
#
# JRE version: Java(TM) SE Runtime Environment (8.0_161-b12) (build 1.8.0_161-b12)
# Java VM: Java HotSpot(TM) 64-Bit Server VM (25.161-b12 mixed mode windows-amd64 compressed oops)
# Problematic frame:
# C  [libnd4jcpu.dll+0x7e981e]
#
# Failed to write core dump. Minidumps are not enabled by default on client versions of Windows
#
# If you would like to submit a bug report, please visit:
#   http://bugreport.java.com/bugreport/crash.jsp
# The crash happened outside the Java Virtual Machine in native code.
# See problematic frame for where to report the bug.
#

---------------  T H R E A D  ---------------

Current thread (0x00000000026b3800):  JavaThread "main" [_thread_in_native, id=13628, stack(0x0000000002500000,0x0000000002600000)]

siginfo: ExceptionCode=0xc0000005, writing address 0x00000002c1052440

Registers:
RAX=0x00000002c1052440, RBX=0x00000002337dd040, RCX=0x000000002361d500, RDX=0x000000002361d500
RSP=0x00000000025fe0e0, RBP=0x00000000001c4e44, RSI=0x0000000007139100, RDI=0x0000000000000000
R8 =0x000000002361d500, R9 =0x00000000ffffffff, R10=0x0000000000000000, R11=0x0000000000000000
R12=0x000000000000000a, R13=0x0000000000000040, R14=0x0000000000000003, R15=0x0000000000096f6c
RIP=0x0000000069c6981e, EFLAGS=0x0000000000010286

Top of Stack: (sp=0x00000000025fe0e0)
0x00000000025fe0e0:   0000000000000000 0000000069cc9956
0x00000000025fe0f0:   00000000025fe1b0 0000000069cc99ad
0x00000000025fe100:   00000000025fe1d8 00000000025fe1dc
0x00000000025fe110:   00000001000001c6 000001c6000001c6
0x00000000025fe120:   0003252400000003 0003252400000003
0x00000000025fe130:   0000000100000001 000001c6011f0003
0x00000000025fe140:   2361d50000000000 ffffffff00000000
0x00000000025fe150:   00000000003edfb4 00000000f8f8d040
0x00000000025fe160:   00000003ffffffff 00000001000001c6
0x00000000025fe170:   000001c600096f6c 000001c603ee6d00
0x00000000025fe180:   00000001000001c6 001f7368000001c6
0x00000000025fe190:   0000004000032524 0000000100000009
0x00000000025fe1a0:   0000000100000001 05e5a38000000001
0x00000000025fe1b0:   000000002dd9ccdc 000000002dd9ccc4
0x00000000025fe1c0:   00000000025fe1d8 00000000025fe1dc
0x00000000025fe1d0:   000000002dd5b050 05e5a38003ee6d00 

Instructions: (pc=0x0000000069c6981e)
0x0000000069c697fe:   d5 01 d1 99 41 f7 fc 0f af d6 01 d1 45 85 c9 48
0x0000000069c6980e:   63 c9 48 8d 04 8b 0f 89 5c ff ff ff f2 0f 5a ce
0x0000000069c6981e:   f3 0f 11 08 eb 8b ff 44 24 60 8b 8c 24 8c 00 00
0x0000000069c6982e:   00 8b bc 24 90 00 00 00 01 4c 24 6c 01 7c 24 64 


Register to memory mapping:

RAX=0x00000002c1052440 is an unknown value
RBX=0x00000002337dd040 is an unknown value
RCX=0x000000002361d500 is an unknown value
RDX=0x000000002361d500 is an unknown value
RSP=0x00000000025fe0e0 is pointing into the stack for thread: 0x00000000026b3800
RBP=0x00000000001c4e44 is an unknown value
RSI=0x0000000007139100 is an unknown value
RDI=0x0000000000000000 is an unknown value
R8 =0x000000002361d500 is an unknown value
R9 =0x00000000ffffffff is an unknown value
R10=0x0000000000000000 is an unknown value
R11=0x0000000000000000 is an unknown value
R12=0x000000000000000a is an unknown value
R13=0x0000000000000040 is an unknown value
R14=0x0000000000000003 is an unknown value
R15=0x0000000000096f6c is an unknown value


Stack: [0x0000000002500000,0x0000000002600000],  sp=0x00000000025fe0e0,  free space=1016k
Native frames: (J=compiled Java code, j=interpreted, Vv=VM code, C=native code)
C  [libnd4jcpu.dll+0x7e981e]
C  [libnd4jcpu.dll+0x8406a2]
C  [libnd4jcpu.dll+0x10a466a]
C  [libnd4jcpu.dll+0xeb43a6]
C  [libnd4jcpu.dll+0xa3d884]
C  [libnd4jcpu.dll+0xa3ddc9]
C  [libnd4jcpu.dll+0x8831fc]
C  [jnind4jcpu.dll+0x247857]
C  0x0000000002988c67

Java frames: (J=compiled Java code, j=interpreted, Vv=VM code)
j  org.nd4j.nativeblas.Nd4jCpu$NativeOps.execCustomOpFloat(Lorg/bytedeco/javacpp/PointerPointer;JLorg/bytedeco/javacpp/PointerPointer;Lorg/bytedeco/javacpp/PointerPointer;ILorg/bytedeco/javacpp/PointerPointer;Lorg/bytedeco/javacpp/PointerPointer;ILorg/bytedeco/javacpp/FloatPointer;ILorg/bytedeco/javacpp/IntPointer;IZ)I+0
j  org.nd4j.linalg.cpu.nativecpu.ops.NativeOpExecutioner.exec(Lorg/nd4j/linalg/api/ops/CustomOp;)V+595
j  org.nd4j.linalg.convolution.Convolution.im2col(Lorg/nd4j/linalg/api/ndarray/INDArray;IIIIIIIIZLorg/nd4j/linalg/api/ndarray/INDArray;)Lorg/nd4j/linalg/api/ndarray/INDArray;+91
j  org.deeplearning4j.nn.layers.convolution.ConvolutionLayer.preOutput(ZZ)Lorg/nd4j/linalg/primitives/Pair;+991
j  org.deeplearning4j.nn.layers.convolution.ConvolutionLayer.preOutput(Z)Lorg/nd4j/linalg/api/ndarray/INDArray;+3
j  org.deeplearning4j.nn.layers.convolution.ConvolutionLayer.activate(Z)Lorg/nd4j/linalg/api/ndarray/INDArray;+58
j  org.deeplearning4j.nn.layers.FrozenLayer.activate(Z)Lorg/nd4j/linalg/api/ndarray/INDArray;+10
j  org.deeplearning4j.nn.graph.vertex.impl.LayerVertex.doForward(Z)Lorg/nd4j/linalg/api/ndarray/INDArray;+22
j  org.deeplearning4j.nn.graph.ComputationGraph.feedForward(ZZZZI)Ljava/util/Map;+1026
j  org.deeplearning4j.nn.graph.ComputationGraph.feedForward(ZZZZ)Ljava/util/Map;+7
j  org.deeplearning4j.nn.graph.ComputationGraph.silentOutput(Z[Lorg/nd4j/linalg/api/ndarray/INDArray;)[Lorg/nd4j/linalg/api/ndarray/INDArray;+10
j  org.deeplearning4j.nn.graph.ComputationGraph.doEvaluation(Lorg/nd4j/linalg/dataset/api/iterator/MultiDataSetIterator;[Lorg/deeplearning4j/eval/IEvaluation;)[Lorg/deeplearning4j/eval/IEvaluation;+335
j  org.deeplearning4j.nn.graph.ComputationGraph.doEvaluation(Lorg/nd4j/linalg/dataset/api/iterator/DataSetIterator;[Lorg/deeplearning4j/eval/IEvaluation;)[Lorg/deeplearning4j/eval/IEvaluation;+10
j  it.unicas.dpn.transferlearning.TrainLastLayer.evaluateModel(ZLjava/lang/String;Lorg/deeplearning4j/nn/graph/ComputationGraph;Lorg/nd4j/linalg/dataset/api/iterator/DataSetIterator;D)D+37
j  it.unicas.dpn.transferlearning.TrainLastLayer.main([Ljava/lang/String;)V+887
v  ~StubRoutines::call_stub

---------------  P R O C E S S  ---------------

Java Threads: ( => current thread )
  0x00000000351a4000 JavaThread "NativeRandomDeallocator thread 0" daemon [_thread_blocked, id=1632, stack(0x0000000035990000,0x0000000035a90000)]
  0x000000002d450800 JavaThread "JavaCPP Deallocator" daemon [_thread_blocked, id=20824, stack(0x000000002da20000,0x000000002db20000)]
  0x000000002c9f9000 JavaThread "Workspace deallocator thread" daemon [_thread_blocked, id=16460, stack(0x000000002d920000,0x000000002da20000)]
  0x000000002bed5800 JavaThread "Service Thread" daemon [_thread_blocked, id=18452, stack(0x000000002c750000,0x000000002c850000)]
  0x000000002be36800 JavaThread "C1 CompilerThread2" daemon [_thread_blocked, id=14848, stack(0x000000002c650000,0x000000002c750000)]
  0x000000002be27000 JavaThread "C2 CompilerThread1" daemon [_thread_blocked, id=18648, stack(0x000000002c550000,0x000000002c650000)]
  0x000000002be26000 JavaThread "C2 CompilerThread0" daemon [_thread_blocked, id=10280, stack(0x000000002c450000,0x000000002c550000)]
  0x000000002be20000 JavaThread "Monitor Ctrl-Break" daemon [_thread_in_native, id=9016, stack(0x000000002c350000,0x000000002c450000)]
  0x000000002a119000 JavaThread "Attach Listener" daemon [_thread_blocked, id=13392, stack(0x000000002b650000,0x000000002b750000)]
  0x000000002a117800 JavaThread "Signal Dispatcher" daemon [_thread_blocked, id=5816, stack(0x000000002b550000,0x000000002b650000)]
  0x000000002a100800 JavaThread "Finalizer" daemon [_thread_blocked, id=15344, stack(0x000000002b360000,0x000000002b460000)]
  0x00000000027a9000 JavaThread "Reference Handler" daemon [_thread_blocked, id=16960, stack(0x000000002b260000,0x000000002b360000)]
=>0x00000000026b3800 JavaThread "main" [_thread_in_native, id=13628, stack(0x0000000002500000,0x0000000002600000)]

Other Threads:
  0x000000002a0d8000 VMThread [stack: 0x000000002b160000,0x000000002b260000] [id=19048]
  0x000000002c0eb800 WatcherThread [stack: 0x000000002c850000,0x000000002c950000] [id=14932]

VM state:not at safepoint (normal execution)

VM Mutex/Monitor currently owned by a thread: None

Heap:
 PSYoungGen      total 396800K, used 97836K [0x00000006eab00000, 0x0000000705500000, 0x00000007c0000000)
  eden space 365568K, 19% used [0x00000006eab00000,0x00000006eef06938,0x0000000701000000)
  from space 31232K, 90% used [0x0000000703680000,0x0000000705204888,0x0000000705500000)
  to   space 35328K, 0% used [0x0000000701000000,0x0000000701000000,0x0000000703280000)
 ParOldGen       total 92672K, used 34935K [0x0000000540000000, 0x0000000545a80000, 0x00000006eab00000)
  object space 92672K, 37% used [0x0000000540000000,0x000000054221dc60,0x0000000545a80000)
 Metaspace       used 27615K, capacity 27859K, committed 28208K, reserved 1075200K
  class space    used 3210K, capacity 3295K, committed 3376K, reserved 1048576K

Card table byte_map: [0x0000000011d30000,0x0000000013140000] byte_map_base: 0x000000000f330000

Marking Bits: (ParMarkBitMap*) 0x0000000071aaf860
 Begin Bits: [0x00000000142a0000, 0x000000001e2a0000)
 End Bits:   [0x000000001e2a0000, 0x00000000282a0000)

Polling page: 0x0000000000720000

CodeCache: size=245760Kb used=7625Kb max_used=7625Kb free=238134Kb
 bounds [0x0000000002970000, 0x00000000030f0000, 0x0000000011970000]
 total_blobs=3063 nmethods=1946 adapters=1029
 compilation: enabled

Compilation events (10 events):
Event: 33.438 Thread 0x000000002be36800 2170       3       org.nd4j.linalg.api.ops.CustomOpDescriptor$CustomOpDescriptorBuilder::hash (7 bytes)
Event: 33.438 Thread 0x000000002be36800 nmethod 2170 0x00000000030e8c90 code [0x00000000030e8de0, 0x00000000030e8f30]
Event: 33.453 Thread 0x000000002be26000 2171       4       java.util.regex.Pattern::isSupplementary (20 bytes)
Event: 33.453 Thread 0x000000002be26000 nmethod 2171 0x00000000030e8a50 code [0x00000000030e8b80, 0x00000000030e8bf8]
Event: 35.664 Thread 0x000000002be36800 2172       3       java.util.concurrent.locks.ReentrantReadWriteLock$ReadLock::lock (9 bytes)
Event: 35.665 Thread 0x000000002be36800 nmethod 2172 0x00000000030c6110 code [0x00000000030c6280, 0x00000000030c65f8]
Event: 35.665 Thread 0x000000002be36800 2173       3       java.util.concurrent.locks.AbstractQueuedSynchronizer::acquireShared (14 bytes)
Event: 35.665 Thread 0x000000002be36800 nmethod 2173 0x00000000030c5c50 code [0x00000000030c5dc0, 0x00000000030c6058]
Event: 38.908 Thread 0x000000002be36800 2174       3       java.security.MessageDigest::update (14 bytes)
Event: 38.909 Thread 0x000000002be36800 nmethod 2174 0x00000000030c51d0 code [0x00000000030c5340, 0x00000000030c5588]

GC Heap History (10 events):
Event: 24.894 GC heap before
{Heap before GC invocations=11 (full 0):
 PSYoungGen      total 164864K, used 162757K [0x00000006eab00000, 0x00000006f6300000, 0x00000007c0000000)
  eden space 147456K, 100% used [0x00000006eab00000,0x00000006f3b00000,0x00000006f3b00000)
  from space 17408K, 87% used [0x00000006f4e00000,0x00000006f5cf1728,0x00000006f5f00000)
  to   space 19456K, 0% used [0x00000006f3b00000,0x00000006f3b00000,0x00000006f4e00000)
 ParOldGen       total 131072K, used 12738K [0x0000000540000000, 0x0000000548000000, 0x00000006eab00000)
  object space 131072K, 9% used [0x0000000540000000,0x0000000540c70a80,0x0000000548000000)
 Metaspace       used 20269K, capacity 20359K, committed 20736K, reserved 1067008K
  class space    used 2400K, capacity 2449K, committed 2560K, reserved 1048576K
Event: 24.908 GC heap after
Heap after GC invocations=11 (full 0):
 PSYoungGen      total 166912K, used 17934K [0x00000006eab00000, 0x00000006fbc80000, 0x00000007c0000000)
  eden space 147456K, 0% used [0x00000006eab00000,0x00000006eab00000,0x00000006f3b00000)
  from space 19456K, 92% used [0x00000006f3b00000,0x00000006f4c83a40,0x00000006f4e00000)
  to   space 22016K, 0% used [0x00000006fa700000,0x00000006fa700000,0x00000006fbc80000)
 ParOldGen       total 131072K, used 14010K [0x0000000540000000, 0x0000000548000000, 0x00000006eab00000)
  object space 131072K, 10% used [0x0000000540000000,0x0000000540daea90,0x0000000548000000)
 Metaspace       used 20269K, capacity 20359K, committed 20736K, reserved 1067008K
  class space    used 2400K, capacity 2449K, committed 2560K, reserved 1048576K
}
Event: 25.179 GC heap before
{Heap before GC invocations=12 (full 0):
 PSYoungGen      total 166912K, used 165390K [0x00000006eab00000, 0x00000006fbc80000, 0x00000007c0000000)
  eden space 147456K, 100% used [0x00000006eab00000,0x00000006f3b00000,0x00000006f3b00000)
  from space 19456K, 92% used [0x00000006f3b00000,0x00000006f4c83a40,0x00000006f4e00000)
  to   space 22016K, 0% used [0x00000006fa700000,0x00000006fa700000,0x00000006fbc80000)
 ParOldGen       total 131072K, used 14010K [0x0000000540000000, 0x0000000548000000, 0x00000006eab00000)
  object space 131072K, 10% used [0x0000000540000000,0x0000000540daea90,0x0000000548000000)
 Metaspace       used 20273K, capacity 20423K, committed 20736K, reserved 1067008K
  class space    used 2400K, capacity 2449K, committed 2560K, reserved 1048576K
Event: 25.194 GC heap after
Heap after GC invocations=12 (full 0):
 PSYoungGen      total 255488K, used 20712K [0x00000006eab00000, 0x00000006fc180000, 0x00000007c0000000)
  eden space 233472K, 0% used [0x00000006eab00000,0x00000006eab00000,0x00000006f8f00000)
  from space 22016K, 94% used [0x00000006fa700000,0x00000006fbb3a338,0x00000006fbc80000)
  to   space 24576K, 0% used [0x00000006f8f00000,0x00000006f8f00000,0x00000006fa700000)
 ParOldGen       total 131072K, used 14374K [0x0000000540000000, 0x0000000548000000, 0x00000006eab00000)
  object space 131072K, 10% used [0x0000000540000000,0x0000000540e09b88,0x0000000548000000)
 Metaspace       used 20273K, capacity 20423K, committed 20736K, reserved 1067008K
  class space    used 2400K, capacity 2449K, committed 2560K, reserved 1048576K
}
Event: 25.667 GC heap before
{Heap before GC invocations=13 (full 0):
 PSYoungGen      total 255488K, used 239867K [0x00000006eab00000, 0x00000006fc180000, 0x00000007c0000000)
  eden space 233472K, 93% used [0x00000006eab00000,0x00000006f8104b00,0x00000006f8f00000)
  from space 22016K, 94% used [0x00000006fa700000,0x00000006fbb3a338,0x00000006fbc80000)
  to   space 24576K, 0% used [0x00000006f8f00000,0x00000006f8f00000,0x00000006fa700000)
 ParOldGen       total 131072K, used 14374K [0x0000000540000000, 0x0000000548000000, 0x00000006eab00000)
  object space 131072K, 10% used [0x0000000540000000,0x0000000540e09b88,0x0000000548000000)
 Metaspace       used 21055K, capacity 21197K, committed 21296K, reserved 1069056K
  class space    used 2497K, capacity 2578K, committed 2608K, reserved 1048576K
Event: 25.690 GC heap after
Heap after GC invocations=13 (full 0):
 PSYoungGen      total 258048K, used 24558K [0x00000006eab00000, 0x0000000705500000, 0x00000007c0000000)
  eden space 233472K, 0% used [0x00000006eab00000,0x00000006eab00000,0x00000006f8f00000)
  from space 24576K, 99% used [0x00000006f8f00000,0x00000006fa6fb910,0x00000006fa700000)
  to   space 31232K, 0% used [0x0000000703680000,0x0000000703680000,0x0000000705500000)
 ParOldGen       total 131072K, used 22069K [0x0000000540000000, 0x0000000548000000, 0x00000006eab00000)
  object space 131072K, 16% used [0x0000000540000000,0x000000054158d4b8,0x0000000548000000)
 Metaspace       used 21055K, capacity 21197K, committed 21296K, reserved 1069056K
  class space    used 2497K, capacity 2578K, committed 2608K, reserved 1048576K
}
Event: 25.690 GC heap before
{Heap before GC invocations=14 (full 1):
 PSYoungGen      total 258048K, used 24558K [0x00000006eab00000, 0x0000000705500000, 0x00000007c0000000)
  eden space 233472K, 0% used [0x00000006eab00000,0x00000006eab00000,0x00000006f8f00000)
  from space 24576K, 99% used [0x00000006f8f00000,0x00000006fa6fb910,0x00000006fa700000)
  to   space 31232K, 0% used [0x0000000703680000,0x0000000703680000,0x0000000705500000)
 ParOldGen       total 131072K, used 22069K [0x0000000540000000, 0x0000000548000000, 0x00000006eab00000)
  object space 131072K, 16% used [0x0000000540000000,0x000000054158d4b8,0x0000000548000000)
 Metaspace       used 21055K, capacity 21197K, committed 21296K, reserved 1069056K
  class space    used 2497K, capacity 2578K, committed 2608K, reserved 1048576K
Event: 25.740 GC heap after
Heap after GC invocations=14 (full 1):
 PSYoungGen      total 258048K, used 0K [0x00000006eab00000, 0x0000000705500000, 0x00000007c0000000)
  eden space 233472K, 0% used [0x00000006eab00000,0x00000006eab00000,0x00000006f8f00000)
  from space 24576K, 0% used [0x00000006f8f00000,0x00000006f8f00000,0x00000006fa700000)
  to   space 31232K, 0% used [0x0000000703680000,0x0000000703680000,0x0000000705500000)
 ParOldGen       total 92672K, used 34935K [0x0000000540000000, 0x0000000545a80000, 0x00000006eab00000)
  object space 92672K, 37% used [0x0000000540000000,0x000000054221dc60,0x0000000545a80000)
 Metaspace       used 21055K, capacity 21197K, committed 21296K, reserved 1069056K
  class space    used 2497K, capacity 2578K, committed 2608K, reserved 1048576K
}
Event: 32.388 GC heap before
{Heap before GC invocations=15 (full 1):
 PSYoungGen      total 258048K, used 233472K [0x00000006eab00000, 0x0000000705500000, 0x00000007c0000000)
  eden space 233472K, 100% used [0x00000006eab00000,0x00000006f8f00000,0x00000006f8f00000)
  from space 24576K, 0% used [0x00000006f8f00000,0x00000006f8f00000,0x00000006fa700000)
  to   space 31232K, 0% used [0x0000000703680000,0x0000000703680000,0x0000000705500000)
 ParOldGen       total 92672K, used 34935K [0x0000000540000000, 0x0000000545a80000, 0x00000006eab00000)
  object space 92672K, 37% used [0x0000000540000000,0x000000054221dc60,0x0000000545a80000)
 Metaspace       used 26510K, capacity 26739K, committed 27056K, reserved 1073152K
  class space    used 3117K, capacity 3199K, committed 3248K, reserved 1048576K
Event: 32.407 GC heap after
Heap after GC invocations=15 (full 1):
 PSYoungGen      total 396800K, used 28178K [0x00000006eab00000, 0x0000000705500000, 0x00000007c0000000)
  eden space 365568K, 0% used [0x00000006eab00000,0x00000006eab00000,0x0000000701000000)
  from space 31232K, 90% used [0x0000000703680000,0x0000000705204888,0x0000000705500000)
  to   space 35328K, 0% used [0x0000000701000000,0x0000000701000000,0x0000000703280000)
 ParOldGen       total 92672K, used 34935K [0x0000000540000000, 0x0000000545a80000, 0x00000006eab00000)
  object space 92672K, 37% used [0x0000000540000000,0x000000054221dc60,0x0000000545a80000)
 Metaspace       used 26510K, capacity 26739K, committed 27056K, reserved 1073152K
  class space    used 3117K, capacity 3199K, committed 3248K, reserved 1048576K
}

Deoptimization events (10 events):
Event: 31.317 Thread 0x00000000026b3800 Uncommon trap: reason=unstable_if action=reinterpret pc=0x0000000002bc4274 method=java.lang.String.regionMatches(ZILjava/lang/String;II)Z @ 102
Event: 32.334 Thread 0x00000000026b3800 Uncommon trap: reason=unstable_if action=reinterpret pc=0x0000000002f494dc method=java.io.BufferedInputStream.read([BII)I @ 104
Event: 32.334 Thread 0x00000000026b3800 Uncommon trap: reason=unstable_if action=reinterpret pc=0x0000000002f4b82c method=java.io.BufferedInputStream.read1([BII)I @ 60
Event: 33.241 Thread 0x000000002d191800 Uncommon trap: reason=class_check action=maybe_recompile pc=0x0000000002ac61d8 method=java.util.AbstractList$Itr.hasNext()Z @ 8
Event: 33.241 Thread 0x000000002d191800 Uncommon trap: reason=class_check action=maybe_recompile pc=0x0000000002ead4d8 method=java.util.AbstractList$Itr.next()Ljava/lang/Object; @ 14
Event: 33.241 Thread 0x000000002d191800 Uncommon trap: reason=class_check action=maybe_recompile pc=0x0000000002ac61d8 method=java.util.AbstractList$Itr.hasNext()Z @ 8
Event: 33.241 Thread 0x000000002d191800 Uncommon trap: reason=class_check action=maybe_recompile pc=0x0000000002ead4d8 method=java.util.AbstractList$Itr.next()Ljava/lang/Object; @ 14
Event: 33.241 Thread 0x000000002d191800 Uncommon trap: reason=class_check action=maybe_recompile pc=0x0000000002ac61d8 method=java.util.AbstractList$Itr.hasNext()Z @ 8
Event: 33.241 Thread 0x000000002d191800 Uncommon trap: reason=class_check action=maybe_recompile pc=0x0000000002ead4d8 method=java.util.AbstractList$Itr.next()Ljava/lang/Object; @ 14
Event: 33.255 Thread 0x000000002d191800 Uncommon trap: reason=unloaded action=reinterpret pc=0x0000000002d7c53c method=org.datavec.image.loader.NativeImageLoader.fillNDArray(Lorg/bytedeco/javacpp/opencv_core$Mat;Lorg/nd4j/linalg/api/ndarray/INDArray;)V @ 1237

Classes redefined (0 events):
No events

Internal exceptions (10 events):
Event: 33.054 Thread 0x00000000026b3800 Exception <a 'sun/nio/fs/WindowsException'> (0x00000006ede26e20) thrown at [C:\re\workspace\8-2-build-windows-amd64-cygwin\jdk8u161\10277\hotspot\src\share\vm\prims\jni.cpp, line 709]
Event: 33.055 Thread 0x00000000026b3800 Exception <a 'sun/nio/fs/WindowsException'> (0x00000006ede28078) thrown at [C:\re\workspace\8-2-build-windows-amd64-cygwin\jdk8u161\10277\hotspot\src\share\vm\prims\jni.cpp, line 709]
Event: 33.055 Thread 0x00000000026b3800 Exception <a 'sun/nio/fs/WindowsException'> (0x00000006ede292d0) thrown at [C:\re\workspace\8-2-build-windows-amd64-cygwin\jdk8u161\10277\hotspot\src\share\vm\prims\jni.cpp, line 709]
Event: 33.055 Thread 0x00000000026b3800 Exception <a 'sun/nio/fs/WindowsException'> (0x00000006ede2a578) thrown at [C:\re\workspace\8-2-build-windows-amd64-cygwin\jdk8u161\10277\hotspot\src\share\vm\prims\jni.cpp, line 709]
Event: 33.055 Thread 0x00000000026b3800 Exception <a 'sun/nio/fs/WindowsException'> (0x00000006ede2b820) thrown at [C:\re\workspace\8-2-build-windows-amd64-cygwin\jdk8u161\10277\hotspot\src\share\vm\prims\jni.cpp, line 709]
Event: 33.055 Thread 0x00000000026b3800 Exception <a 'sun/nio/fs/WindowsException'> (0x00000006ede2cb18) thrown at [C:\re\workspace\8-2-build-windows-amd64-cygwin\jdk8u161\10277\hotspot\src\share\vm\prims\jni.cpp, line 709]
Event: 33.055 Thread 0x00000000026b3800 Exception <a 'sun/nio/fs/WindowsException'> (0x00000006ede2dd70) thrown at [C:\re\workspace\8-2-build-windows-amd64-cygwin\jdk8u161\10277\hotspot\src\share\vm\prims\jni.cpp, line 709]
Event: 33.056 Thread 0x00000000026b3800 Exception <a 'sun/nio/fs/WindowsException'> (0x00000006ede2f040) thrown at [C:\re\workspace\8-2-build-windows-amd64-cygwin\jdk8u161\10277\hotspot\src\share\vm\prims\jni.cpp, line 709]
Event: 33.056 Thread 0x00000000026b3800 Exception <a 'sun/nio/fs/WindowsException'> (0x00000006ede302e8) thrown at [C:\re\workspace\8-2-build-windows-amd64-cygwin\jdk8u161\10277\hotspot\src\share\vm\prims\jni.cpp, line 709]
Event: 33.056 Thread 0x00000000026b3800 Exception <a 'sun/nio/fs/WindowsException'> (0x00000006ede31590) thrown at [C:\re\workspace\8-2-build-windows-amd64-cygwin\jdk8u161\10277\hotspot\src\share\vm\prims\jni.cpp, line 709]

Events (10 events):
Event: 35.321 loading class org/nd4j/linalg/api/blas/BlasBufferUtil
Event: 35.321 loading class org/nd4j/linalg/api/blas/BlasBufferUtil done
Event: 35.322 loading class org/nd4j/linalg/api/blas/params/GemmParams
Event: 35.322 loading class org/nd4j/linalg/api/blas/params/GemmParams done
Event: 35.662 loading class org/nd4j/linalg/api/ops/executioner/OpExecutionerUtil
Event: 35.662 loading class org/nd4j/linalg/api/ops/executioner/OpExecutionerUtil done
Event: 35.663 loading class org/nd4j/linalg/api/ops/impl/scalar/ScalarAdd
Event: 35.663 loading class org/nd4j/linalg/api/ops/impl/scalar/ScalarAdd done
Event: 35.741 loading class org/nd4j/linalg/api/ops/impl/transforms/RectifedLinear
Event: 35.741 loading class org/nd4j/linalg/api/ops/impl/transforms/RectifedLinear done


Dynamic libraries:
0x00007ff676d20000 - 0x00007ff676d57000 	C:\Program Files\Java\jdk1.8.0_161\bin\java.exe
0x00007ff822f60000 - 0x00007ff823141000 	C:\WINDOWS\SYSTEM32\ntdll.dll
0x00007ff8204e0000 - 0x00007ff820592000 	C:\WINDOWS\System32\KERNEL32.DLL
0x00007ff81f750000 - 0x00007ff81f9c3000 	C:\WINDOWS\System32\KERNELBASE.dll
0x00007ff822820000 - 0x00007ff8228c1000 	C:\WINDOWS\System32\ADVAPI32.dll
0x00007ff821100000 - 0x00007ff82119e000 	C:\WINDOWS\System32\msvcrt.dll
0x00007ff8205a0000 - 0x00007ff8205fb000 	C:\WINDOWS\System32\sechost.dll
0x00007ff8211a0000 - 0x00007ff8212c4000 	C:\WINDOWS\System32\RPCRT4.dll
0x00007ff820850000 - 0x00007ff8209e0000 	C:\WINDOWS\System32\USER32.dll
0x00007ff820130000 - 0x00007ff820150000 	C:\WINDOWS\System32\win32u.dll
0x00007ff8210a0000 - 0x00007ff8210c8000 	C:\WINDOWS\System32\GDI32.dll
0x00007ff81f430000 - 0x00007ff81f5c2000 	C:\WINDOWS\System32\gdi32full.dll
0x00007ff81f5d0000 - 0x00007ff81f66f000 	C:\WINDOWS\System32\msvcp_win.dll
0x00007ff81f330000 - 0x00007ff81f42a000 	C:\WINDOWS\System32\ucrtbase.dll
0x00007ff80f600000 - 0x00007ff80f869000 	C:\WINDOWS\WinSxS\amd64_microsoft.windows.common-controls_6595b64144ccf1df_6.0.17134.112_none_fb3f961b30681c12\COMCTL32.dll
0x00007ff822a60000 - 0x00007ff822d83000 	C:\WINDOWS\System32\combase.dll
0x00007ff81f6d0000 - 0x00007ff81f74a000 	C:\WINDOWS\System32\bcryptPrimitives.dll
0x00007ff8210d0000 - 0x00007ff8210fd000 	C:\WINDOWS\System32\IMM32.DLL
0x0000000071b30000 - 0x0000000071c02000 	C:\Program Files\Java\jdk1.8.0_161\jre\bin\msvcr100.dll
0x0000000071290000 - 0x0000000071b2f000 	C:\Program Files\Java\jdk1.8.0_161\jre\bin\server\jvm.dll
0x00007ff820660000 - 0x00007ff820668000 	C:\WINDOWS\System32\PSAPI.DLL
0x00007ff813560000 - 0x00007ff813569000 	C:\WINDOWS\SYSTEM32\WSOCK32.dll
0x00007ff8212d0000 - 0x00007ff82133c000 	C:\WINDOWS\System32\WS2_32.dll
0x00007ff81be40000 - 0x00007ff81be63000 	C:\WINDOWS\SYSTEM32\WINMM.dll
0x00007ff812ac0000 - 0x00007ff812aca000 	C:\WINDOWS\SYSTEM32\VERSION.dll
0x00007ff81be10000 - 0x00007ff81be3a000 	C:\WINDOWS\SYSTEM32\WINMMBASE.dll
0x00007ff8200e0000 - 0x00007ff820129000 	C:\WINDOWS\System32\cfgmgr32.dll
0x0000000072620000 - 0x000000007262f000 	C:\Program Files\Java\jdk1.8.0_161\jre\bin\verify.dll
0x00000000725f0000 - 0x0000000072619000 	C:\Program Files\Java\jdk1.8.0_161\jre\bin\java.dll
0x0000000071260000 - 0x0000000071283000 	C:\Program Files\Java\jdk1.8.0_161\jre\bin\instrument.dll
0x0000000071240000 - 0x0000000071256000 	C:\Program Files\Java\jdk1.8.0_161\jre\bin\zip.dll
0x00007ff8213e0000 - 0x00007ff822820000 	C:\WINDOWS\System32\SHELL32.dll
0x00007ff8228e0000 - 0x00007ff822989000 	C:\WINDOWS\System32\shcore.dll
0x00007ff81f9d0000 - 0x00007ff8200dd000 	C:\WINDOWS\System32\windows.storage.dll
0x00007ff820a90000 - 0x00007ff820ae1000 	C:\WINDOWS\System32\shlwapi.dll
0x00007ff81f2f0000 - 0x00007ff81f301000 	C:\WINDOWS\System32\kernel.appcore.dll
0x00007ff81f2c0000 - 0x00007ff81f2df000 	C:\WINDOWS\System32\profapi.dll
0x00007ff81f270000 - 0x00007ff81f2bc000 	C:\WINDOWS\System32\powrprof.dll
0x00007ff81f2e0000 - 0x00007ff81f2ea000 	C:\WINDOWS\System32\FLTLIB.DLL
0x00007ff812560000 - 0x00007ff81257a000 	C:\Program Files\JetBrains\IntelliJ IDEA Community Edition 2017.3.4\bin\breakgen64.dll
0x00000000711c0000 - 0x00000000711da000 	C:\Program Files\Java\jdk1.8.0_161\jre\bin\net.dll
0x00007ff81eaf0000 - 0x00007ff81eb56000 	C:\WINDOWS\system32\mswsock.dll
0x0000000069480000 - 0x000000006b070000 	C:\Users\hp4540\.javacpp\cache\nd4j-native-1.0.0-alpha-windows-x86_64.jar\org\nd4j\nativeblas\windows-x86_64\libnd4jcpu.dll
0x00000000711a0000 - 0x00000000711b1000 	C:\Program Files\Java\jdk1.8.0_161\jre\bin\nio.dll
0x0000000066880000 - 0x0000000066e41000 	C:\Users\hp4540\.javacpp\cache\nd4j-native-1.0.0-alpha-windows-x86_64.jar\org\nd4j\nativeblas\windows-x86_64\jnind4jcpu.dll
0x000000006d7c0000 - 0x000000006f95e000 	C:\Users\hp4540\.javacpp\cache\openblas-0.2.20-1.4.1-windows-x86_64.jar\org\bytedeco\javacpp\windows-x86_64\libopenblas.dll
0x0000000067800000 - 0x0000000068570000 	C:\Users\hp4540\.javacpp\cache\openblas-0.2.20-1.4.1-windows-x86_64.jar\org\bytedeco\javacpp\windows-x86_64\jniopenblas.dll
0x00007ff81eca0000 - 0x00007ff81ecb7000 	C:\WINDOWS\SYSTEM32\CRYPTSP.dll
0x00007ff81e670000 - 0x00007ff81e6a3000 	C:\WINDOWS\system32\rsaenh.dll
0x00007ff81edd0000 - 0x00007ff81edf5000 	C:\WINDOWS\SYSTEM32\bcrypt.dll
0x00007ff81f1a0000 - 0x00007ff81f1c8000 	C:\WINDOWS\SYSTEM32\USERENV.dll
0x00007ff81ecc0000 - 0x00007ff81eccb000 	C:\WINDOWS\SYSTEM32\CRYPTBASE.dll
0x00007ff81e810000 - 0x00007ff81e848000 	C:\WINDOWS\SYSTEM32\IPHLPAPI.DLL
0x00007ff8228d0000 - 0x00007ff8228d8000 	C:\WINDOWS\System32\NSI.dll
0x00007ff816f00000 - 0x00007ff816f16000 	C:\WINDOWS\SYSTEM32\dhcpcsvc6.DLL
0x00007ff816fe0000 - 0x00007ff816ffa000 	C:\WINDOWS\SYSTEM32\dhcpcsvc.DLL
0x00007ff805f10000 - 0x00007ff805f61000 	C:\Users\hp4540\.javacpp\cache\hdf5-1.10.1-1.4.1-windows-x86_64.jar\org\bytedeco\javacpp\windows-x86_64\concrt140.dll
0x00007ff805a30000 - 0x00007ff805acf000 	C:\WINDOWS\SYSTEM32\MSVCP140.dll
0x00007ff8128b0000 - 0x00007ff8128c6000 	C:\WINDOWS\SYSTEM32\VCRUNTIME140.dll
0x00007ff805620000 - 0x00007ff8056bd000 	C:\Users\hp4540\.javacpp\cache\hdf5-1.10.1-1.4.1-windows-x86_64.jar\org\bytedeco\javacpp\windows-x86_64\msvcp140.dll
0x00007ff80e030000 - 0x00007ff80e047000 	C:\Users\hp4540\.javacpp\cache\hdf5-1.10.1-1.4.1-windows-x86_64.jar\org\bytedeco\javacpp\windows-x86_64\vcruntime140.dll
0x0000000002610000 - 0x0000000002613000 	C:\Users\hp4540\.javacpp\cache\hdf5-1.10.1-1.4.1-windows-x86_64.jar\org\bytedeco\javacpp\windows-x86_64\api-ms-win-crt-locale-l1-1-0.dll
0x0000000002620000 - 0x0000000002624000 	C:\Users\hp4540\.javacpp\cache\hdf5-1.10.1-1.4.1-windows-x86_64.jar\org\bytedeco\javacpp\windows-x86_64\api-ms-win-crt-string-l1-1-0.dll
0x0000000002630000 - 0x0000000002634000 	C:\Users\hp4540\.javacpp\cache\hdf5-1.10.1-1.4.1-windows-x86_64.jar\org\bytedeco\javacpp\windows-x86_64\api-ms-win-crt-stdio-l1-1-0.dll
0x0000000002640000 - 0x0000000002645000 	C:\Users\hp4540\.javacpp\cache\hdf5-1.10.1-1.4.1-windows-x86_64.jar\org\bytedeco\javacpp\windows-x86_64\api-ms-win-crt-math-l1-1-0.dll
0x0000000002650000 - 0x0000000002653000 	C:\Users\hp4540\.javacpp\cache\hdf5-1.10.1-1.4.1-windows-x86_64.jar\org\bytedeco\javacpp\windows-x86_64\api-ms-win-crt-heap-l1-1-0.dll
0x0000000002660000 - 0x0000000002664000 	C:\Users\hp4540\.javacpp\cache\hdf5-1.10.1-1.4.1-windows-x86_64.jar\org\bytedeco\javacpp\windows-x86_64\api-ms-win-crt-runtime-l1-1-0.dll
0x0000000002670000 - 0x0000000002674000 	C:\Users\hp4540\.javacpp\cache\hdf5-1.10.1-1.4.1-windows-x86_64.jar\org\bytedeco\javacpp\windows-x86_64\api-ms-win-crt-convert-l1-1-0.dll
0x0000000002680000 - 0x0000000002683000 	C:\Users\hp4540\.javacpp\cache\hdf5-1.10.1-1.4.1-windows-x86_64.jar\org\bytedeco\javacpp\windows-x86_64\api-ms-win-crt-environment-l1-1-0.dll
0x0000000002690000 - 0x0000000002693000 	C:\Users\hp4540\.javacpp\cache\hdf5-1.10.1-1.4.1-windows-x86_64.jar\org\bytedeco\javacpp\windows-x86_64\api-ms-win-crt-time-l1-1-0.dll
0x00000000028b0000 - 0x00000000028b3000 	C:\Users\hp4540\.javacpp\cache\hdf5-1.10.1-1.4.1-windows-x86_64.jar\org\bytedeco\javacpp\windows-x86_64\api-ms-win-crt-filesystem-l1-1-0.dll
0x00000000028c0000 - 0x00000000028c3000 	C:\Users\hp4540\.javacpp\cache\hdf5-1.10.1-1.4.1-windows-x86_64.jar\org\bytedeco\javacpp\windows-x86_64\api-ms-win-crt-utility-l1-1-0.dll
0x00000000028d0000 - 0x00000000028d5000 	C:\Users\hp4540\.javacpp\cache\hdf5-1.10.1-1.4.1-windows-x86_64.jar\org\bytedeco\javacpp\windows-x86_64\api-ms-win-crt-multibyte-l1-1-0.dll
0x00007ffff6220000 - 0x00007ffff6524000 	C:\Users\hp4540\.javacpp\cache\opencv-3.4.1-1.4.1-windows-x86_64.jar\org\bytedeco\javacpp\windows-x86_64\opencv_core341.dll
0x00007ffff5be0000 - 0x00007ffff5fe5000 	C:\Users\hp4540\.javacpp\cache\opencv-3.4.1-1.4.1-windows-x86_64.jar\org\bytedeco\javacpp\windows-x86_64\opencv_imgproc341.dll
0x00007ffff54e0000 - 0x00007ffff586e000 	C:\Users\hp4540\.javacpp\cache\opencv-3.4.1-1.4.1-windows-x86_64.jar\org\bytedeco\javacpp\windows-x86_64\jniopencv_core.dll
0x00007ffff7570000 - 0x00007ffff76c6000 	C:\Users\hp4540\.javacpp\cache\opencv-3.4.1-1.4.1-windows-x86_64.jar\org\bytedeco\javacpp\windows-x86_64\jniopencv_imgproc.dll
0x00007ffff5210000 - 0x00007ffff54df000 	C:\Users\hp4540\.javacpp\cache\opencv-3.4.1-1.4.1-windows-x86_64.jar\org\bytedeco\javacpp\windows-x86_64\opencv_imgcodecs341.dll
0x00007ff805b60000 - 0x00007ff805b94000 	C:\Users\hp4540\.javacpp\cache\opencv-3.4.1-1.4.1-windows-x86_64.jar\org\bytedeco\javacpp\windows-x86_64\jniopencv_imgcodecs.dll
0x00007ff811f70000 - 0x00007ff812139000 	C:\WINDOWS\SYSTEM32\dbghelp.dll

VM Arguments:
jvm_args: -Xmx10240m -javaagent:C:\Program Files\JetBrains\IntelliJ IDEA Community Edition 2017.3.4\lib\idea_rt.jar=56545:C:\Program Files\JetBrains\IntelliJ IDEA Community Edition 2017.3.4\bin -Dfile.encoding=UTF-8 
java_command: it.unicas.dpn.transferlearning.TrainLastLayer
java_class_path (initial): C:\Program Files\Java\jdk1.8.0_161\jre\lib\charsets.jar;C:\Program Files\Java\jdk1.8.0_161\jre\lib\deploy.jar;C:\Program Files\Java\jdk1.8.0_161\jre\lib\ext\access-bridge-64.jar;C:\Program Files\Java\jdk1.8.0_161\jre\lib\ext\cldrdata.jar;C:\Program Files\Java\jdk1.8.0_161\jre\lib\ext\dnsns.jar;C:\Program Files\Java\jdk1.8.0_161\jre\lib\ext\jaccess.jar;C:\Program Files\Java\jdk1.8.0_161\jre\lib\ext\jfxrt.jar;C:\Program Files\Java\jdk1.8.0_161\jre\lib\ext\localedata.jar;C:\Program Files\Java\jdk1.8.0_161\jre\lib\ext\nashorn.jar;C:\Program Files\Java\jdk1.8.0_161\jre\lib\ext\sunec.jar;C:\Program Files\Java\jdk1.8.0_161\jre\lib\ext\sunjce_provider.jar;C:\Program Files\Java\jdk1.8.0_161\jre\lib\ext\sunmscapi.jar;C:\Program Files\Java\jdk1.8.0_161\jre\lib\ext\sunpkcs11.jar;C:\Program Files\Java\jdk1.8.0_161\jre\lib\ext\zipfs.jar;C:\Program Files\Java\jdk1.8.0_161\jre\lib\javaws.jar;C:\Program Files\Java\jdk1.8.0_161\jre\lib\jce.jar;C:\Program Files\Java\jdk1.8.0_161\jre\lib\jfr.jar;C:\Program Files\Java\jdk1.8.0_161\jre\lib\jfxswt.jar;C:\Program Files\Java\jdk1.8.0_161\jre\lib\jsse.jar;C:\Program Files\Java\jdk1.8.0_161\jre\lib\management-agent.jar;C:\Program Files\Java\jdk1.8.0_161\jre\lib\plugin.jar;C:\Program Files\Java\jdk1.8.0_161\jre\lib\resources.jar;C:\Program Files\Java\jdk1.8.0_161\jre\lib\rt.jar;C:\Users\hp4540\Documents\Github\maia-distributed-programming\mass-detection-models\target\classes;C:\Users\hp4540\.m2\repository\org\slf4j\slf4j-simple\1.7.25\slf4j-simple-1.7.25.jar;C:\Users\hp4540\.m2\repository\org\slf4j\slf4j-api\1.7.25\slf4j-api-1.7.25.jar;C:\Users\hp4540\.m2\repository\org\deeplearning4j\deeplearning4j-core\1.0.0-alpha\deeplearning4j-core-1.0.0-alpha.jar;C:\Users\hp4540\.m2\repository\org\deeplearning4j\deeplearning4j-tsne\1.0.0-alpha\deeplearning4j-tsne-1.0.0-alpha.jar;C:\Users\hp4540\.m2\repository\org\projectlombok\lombok\1.16.20\lombok-1.16.20.jar;C:\Users\hp4540\.m2\repository\org\deeplearning4j\deeplearning4j-da
Launcher Type: SUN_STANDARD

Environment Variables:
JAVA_HOME=C:\Program Files\Java\jdk1.8.0_161
PATH=C:\ProgramData\Oracle\Java\javapath;C:\WINDOWS\system32;C:\WINDOWS;C:\WINDOWS\System32\Wbem;C:\WINDOWS\System32\WindowsPowerShell\v1.0\;C:\WINDOWS\system32\config\systemprofile\.dnx\bin;C:\Program Files\Microsoft DNX\Dnvm\;C:\Program Files (x86)\Windows Kits\8.1\Windows Performance Toolkit\;C:\Program Files\Microsoft SQL Server\130\Tools\Binn\;C:\Program Files\Git\cmd;C:\Program Files (x86)\Intel\OpenCL SDK\2.0\bin\x86;C:\Program Files (x86)\Intel\OpenCL SDK\2.0\bin\x64;C:\Program Files\Microsoft SDKs\Kinect\v2.0_1409\\bin;C:\Program Files\Java\jdk1.8.0_161\bin;C:\Program Files\MiKTeX 2.9\miktex\bin\x64\;C:\Program Files\nodejs\;;C:\WINDOWS\System32\OpenSSH\;C:\Program Files\TortoiseGit\bin;C:\Users\hp4540\AppData\Local\Microsoft\WindowsApps;C:\Program Files\PCL 1.8.0\bin;C:\Program Files\OpenNI2\Redist;C:\Program Files\PCL 1.8.0\3rdParty\VTK\bin;C:\Programs\Qt\Qt5.9.3\5.9.3\msvc2015_64\bin;C:\Program Files\CMake\bin;C:\Users\hp4540\AppData\Local\atom\bin;C:\Programs\ninja-win;C:\Programs\Anaconda3;%OpenCV3l%;%OpenCV3l%\x64\vc14\bin;C:\Programs\opencv\opencv2\build;C:\Programs\opencv\opencv2\build\x64\vc14\bin;C:\Programs\opencv\opencv2\build;C:\Programs\opencv\opencv2\build\x64\vc14\bin;C:\Program Files (x86)\MiKTeX 2.9\miktex\bin\;C:\Users\hp4540\AppData\Local\Microsoft\WindowsApps;C:\Program Files\Microsoft VS Code\bin;C:\Program Files\ITK\bin;C:\Programs\apache-maven-3.5.3\bin;C:\Users\hp4540\AppData\Roaming\npm;C:\Programs\Anaconda3\envs\py27;C:\Programs\Qt\5.10.1\mingw53_32\plugins;
USERNAME=hp4540
OS=Windows_NT
PROCESSOR_IDENTIFIER=Intel64 Family 6 Model 58 Stepping 9, GenuineIntel



---------------  S Y S T E M  ---------------

OS: Windows 10.0 , 64 bit Build 17134 (10.0.17134.1)

CPU:total 4 (initial active 4) (2 cores per cpu, 2 threads per core) family 6 model 58 stepping 9, cmov, cx8, fxsr, mmx, sse, sse2, sse3, ssse3, sse4.1, sse4.2, popcnt, avx, aes, clmul, erms, ht, tsc, tscinvbit, tscinv

Memory: 4k page, physical 12461576k(4071992k free), swap 19995136k(2903044k free)

vm_info: Java HotSpot(TM) 64-Bit Server VM (25.161-b12) for windows-amd64 JRE (1.8.0_161-b12), built on Dec 19 2017 17:52:25 by "java_re" with MS VC++ 10.0 (VS2010)

time: Fri Jul 06 21:54:53 2018
elapsed time: 39 seconds (0d 0h 0m 39s)

